<?xml version="1.0" encoding="UTF-8"?>
<!-- Generated by org.testng.reporters.JUnitXMLReporter -->
<testsuite ignored="1" hostname="DESKTOP-3BNLRUB" failures="0" tests="1" name="Default test" time="53.876" errors="0" timestamp="2023-07-05T15:43:39 IST">
  <testcase classname="appiumTests.eCommerce_tc_4_Hybrid" name="FillForm" time="26.887"/>
  <testcase classname="appiumTests.BaseTest" name="OpenCalculator" time="0.0">
    <ignored/>
  </testcase> <!-- OpenCalculator -->
</testsuite> <!-- Default test -->
