<?xml version="1.0" encoding="UTF-8"?>
<testng-results ignored="0" total="1" passed="1" failed="0" skipped="0">
  <reporter-output>
  </reporter-output>
  <suite started-at="2023-07-05T15:42:46 IST" name="Default suite" finished-at="2023-07-05T15:43:39 IST" duration-ms="53876">
    <groups>
    </groups>
    <test started-at="2023-07-05T15:42:46 IST" name="Default test" finished-at="2023-07-05T15:43:39 IST" duration-ms="53876">
      <class name="appiumTests.eCommerce_tc_4_Hybrid">
        <test-method is-config="true" signature="ConfigureAppium()[pri:0, instance:appiumTests.eCommerce_tc_4_Hybrid@3590fc5b]" started-at="2023-07-05T15:42:46 IST" name="ConfigureAppium" finished-at="2023-07-05T15:43:12 IST" duration-ms="26858" status="PASS">
          <reporter-output>
          </reporter-output>
        </test-method> <!-- ConfigureAppium -->
        <test-method signature="FillForm()[pri:0, instance:appiumTests.eCommerce_tc_4_Hybrid@3590fc5b]" started-at="2023-07-05T15:43:12 IST" name="FillForm" finished-at="2023-07-05T15:43:39 IST" duration-ms="26887" status="PASS">
          <reporter-output>
          </reporter-output>
        </test-method> <!-- FillForm -->
        <test-method is-config="true" signature="tearDown()[pri:0, instance:appiumTests.eCommerce_tc_4_Hybrid@3590fc5b]" started-at="2023-07-05T15:43:39 IST" name="tearDown" finished-at="2023-07-05T15:43:39 IST" duration-ms="69" status="PASS">
          <reporter-output>
          </reporter-output>
        </test-method> <!-- tearDown -->
      </class> <!-- appiumTests.eCommerce_tc_4_Hybrid -->
    </test> <!-- Default test -->
  </suite> <!-- Default suite -->
</testng-results>
